<?xml version="1.0" encoding="UTF-8"?>
<testng-results skipped="0" failed="0" ignored="0" total="1" passed="1">
  <reporter-output>
  </reporter-output>
  <suite name="testCases.LoginPageTest" duration-ms="13186" started-at="2021-02-14T16:41:31Z" finished-at="2021-02-14T16:41:44Z">
    <groups>
    </groups>
    <test name="Command line test" duration-ms="13186" started-at="2021-02-14T16:41:31Z" finished-at="2021-02-14T16:41:44Z">
      <class name="testCases.LoginPageTest">
        <test-method status="PASS" signature="setUp()[pri:0, instance:testCases.LoginPageTest@6cd8737]" name="setUp" is-config="true" duration-ms="6439" started-at="2021-02-14T16:41:31Z" finished-at="2021-02-14T16:41:37Z">
          <reporter-output>
          </reporter-output>
        </test-method> <!-- setUp -->
        <test-method status="PASS" signature="LoginTest()[pri:0, instance:testCases.LoginPageTest@6cd8737]" name="LoginTest" duration-ms="5252" started-at="2021-02-14T16:41:37Z" finished-at="2021-02-14T16:41:42Z">
          <reporter-output>
          </reporter-output>
        </test-method> <!-- LoginTest -->
        <test-method status="PASS" signature="tearDown()[pri:0, instance:testCases.LoginPageTest@6cd8737]" name="tearDown" is-config="true" duration-ms="1439" started-at="2021-02-14T16:41:42Z" finished-at="2021-02-14T16:41:44Z">
          <reporter-output>
          </reporter-output>
        </test-method> <!-- tearDown -->
      </class> <!-- testCases.LoginPageTest -->
    </test> <!-- Command line test -->
  </suite> <!-- testCases.LoginPageTest -->
</testng-results>
